Start
 MainFunction
  PartProgram
   Word
    VariableDefinition
     Choice
      Expression
       logic_and
        equality
         comparison
          add
           Term
            NotOrNeg
             Factor
   Word
    VariableDefinition
     Choice
      Expression
       logic_and
        equality
         comparison
          add
           Term
            NotOrNeg
             Factor
   Word
    VariableDefinition
     Choice
      Expression
       logic_and
        equality
         comparison
          add
           Term
            NotOrNeg
             Factor
        equality
         comparison
          add
           Term
            NotOrNeg
             Factor
   Word
    VariableDefinition
     Choice
      Expression
       logic_and
        equality
         comparison
          add
           Term
            NotOrNeg
             Factor
        equality
         comparison
          add
           Term
            NotOrNeg
             Factor
   Word
    VariableDefinition
     Choice
      Expression
       logic_and
        equality
         comparison
          add
           Term
            NotOrNeg
             Factor
       logic_and
        equality
         comparison
          add
           Term
            NotOrNeg
             Factor
   Word
    VariableDefinition
     Choice
      Expression
       logic_and
        equality
         comparison
          add
           Term
            NotOrNeg
             Factor
       logic_and
        equality
         comparison
          add
           Term
            NotOrNeg
             Factor
   Word
    WriteWord
     Expression
      logic_and
       equality
        comparison
         add
          Term
           NotOrNeg
            Factor
   Word
    WriteWord
     Expression
      logic_and
       equality
        comparison
         add
          Term
           NotOrNeg
            Factor
   Word
    WriteWord
     Expression
      logic_and
       equality
        comparison
         add
          Term
           NotOrNeg
            Factor
   Word
    WriteWord
     Expression
      logic_and
       equality
        comparison
         add
          Term
           NotOrNeg
            Factor
Over
