Start
 MainFunction
  PartProgram
   Word
    VariableDefinition
   Word
    VariableDefinition
     Choice
      Expression
       logic_and
        equality
         comparison
          add
           Term
            NotOrNeg
             Factor
   Word
    Equals_Word
     Choice
      Expression
       logic_and
        equality
         comparison
          add
           Term
            NotOrNeg
             Factor
   Word
    For_Word
     Expression
      logic_and
       equality
        comparison
         add
          Term
           NotOrNeg
            Factor
         add
          Term
           NotOrNeg
            Factor
     Word
      Word
       Equals_Word
        Choice
         Expression
          logic_and
           equality
            comparison
             add
              Term
               NotOrNeg
                Factor
              Term
               NotOrNeg
                Factor
      Word
       Equals_Word
        Choice
         Expression
          logic_and
           equality
            comparison
             add
              Term
               NotOrNeg
                Factor
              Term
               NotOrNeg
                Factor
   Word
    WriteWord
     Expression
      logic_and
       equality
        comparison
         add
          Term
           NotOrNeg
            Factor
   Word
    WriteWord
     Expression
      logic_and
       equality
        comparison
         add
          Term
           NotOrNeg
            Factor
Over
