Start
 MainFunction
  PartProgram
   Word
    VariableDefinition
     Choice
      Expression
       logic_and
        equality
         comparison
          add
           Term
            NotOrNeg
             Factor
   Word
    VariableDefinition
     Choice
      Expression
       logic_and
        equality
         comparison
          add
           Term
            NotOrNeg
             Factor
              DefinitionFunction
               loadValue
                Expression
                 logic_and
                  equality
                   comparison
                    add
                     Term
                      NotOrNeg
                       Factor
   Word
    WriteWord
     Expression
      logic_and
       equality
        comparison
         add
          Term
           NotOrNeg
            Factor
 FunctionDefinition
  ParaDefinition
  PartProgram
   Word
    If_Word
     Expression
      logic_and
       equality
        comparison
         add
          Term
           NotOrNeg
            Factor
         add
          Term
           NotOrNeg
            Factor
     Word
      Return_Word
       Expression
        logic_and
         equality
          comparison
           add
            Term
             NotOrNeg
              Factor
   Word
    Return_Word
     Expression
      logic_and
       equality
        comparison
         add
          Term
           NotOrNeg
            Factor
Over
