Start
 MainFunction
  PartProgram
   Word
    DefinitionFunction
     loadValue
      Expression
       logic_and
        equality
         comparison
          add
           Term
            NotOrNeg
             Factor
   Word
 FunctionDefinition
  ParaDefinition
  PartProgram
   Word
    If_Word
     Expression
      logic_and
       equality
        comparison
         add
          Term
           NotOrNeg
            Factor
         add
          Term
           NotOrNeg
            Factor
     Word
      Word
       WriteWord
        Expression
         logic_and
          equality
           comparison
            add
             Term
              NotOrNeg
               Factor
     Word
      Word
       DefinitionFunction
        loadValue
         Expression
          logic_and
           equality
            comparison
             add
              Term
               NotOrNeg
                Factor
              Term
               NotOrNeg
                Factor
      Word
      Word
       WriteWord
        Expression
         logic_and
          equality
           comparison
            add
             Term
              NotOrNeg
               Factor
Over
