	main	5	Keyword
	(	16	Ope
	)	17	Ope
	{	10	Edge
	int	0	Keyword
	a	15	ID
	=	34	Ope
	-	25	Ope
	6	14	ID
	;	12	Edge
	int	0	Keyword
	b	15	ID
	=	34	Ope
	9	14	ID
	;	12	Edge
	int	0	Keyword
	c	15	ID
	=	34	Ope
	a	15	ID
	+	24	Ope
	b	15	ID
	*	21	Ope
	a	15	ID
	-	25	Ope
	b	15	ID
	/	22	Ope
	3	14	ID
	;	12	Edge
	write	7	Keyword
	(	16	Ope
	a	15	ID
	)	17	Ope
	;	12	Edge
	write	7	Keyword
	(	16	Ope
	b	15	ID
	)	17	Ope
	;	12	Edge
	write	7	Keyword
	(	16	Ope
	c	15	ID
	)	17	Ope
	;	12	Edge
	}	11	Edge
