	main	5	Keyword
	(	16	Ope
	)	17	Ope
	{	10	Edge
	int	0	Keyword
	x	15	ID
	=	34	Ope
	2	14	ID
	;	12	Edge
	int	0	Keyword
	y	15	ID
	=	34	Ope
	3	14	ID
	;	12	Edge
	int	0	Keyword
	a	15	ID
	=	34	Ope
	x	15	ID
	&&	32	Ope
	y	15	ID
	;	12	Edge
	int	0	Keyword
	b	15	ID
	=	34	Ope
	x	15	ID
	&&	32	Ope
	0	14	ID
	;	12	Edge
	int	0	Keyword
	c	15	ID
	=	34	Ope
	x	15	ID
	||	33	Ope
	y	15	ID
	;	12	Edge
	int	0	Keyword
	d	15	ID
	=	34	Ope
	x	15	ID
	||	33	Ope
	0	14	ID
	;	12	Edge
	write	7	Keyword
	(	16	Ope
	a	15	ID
	)	17	Ope
	;	12	Edge
	write	7	Keyword
	(	16	Ope
	b	15	ID
	)	17	Ope
	;	12	Edge
	write	7	Keyword
	(	16	Ope
	c	15	ID
	)	17	Ope
	;	12	Edge
	write	7	Keyword
	(	16	Ope
	d	15	ID
	)	17	Ope
	;	12	Edge
	}	11	Edge
