	main	5	Keyword
	(	16	Ope
	)	17	Ope
	{	10	Edge
	int	0	Keyword
	x	15	ID
	=	34	Ope
	-	25	Ope
	3	14	ID
	;	12	Edge
	if	4	Keyword
	(	16	Ope
	x	15	ID
	<	26	Ope
	0	14	ID
	)	17	Ope
	{	10	Edge
	x	15	ID
	=	34	Ope
	-	25	Ope
	x	15	ID
	;	12	Edge
	}	11	Edge
	else	6	Keyword
	if	4	Keyword
	(	16	Ope
	x	15	ID
	==	30	Ope
	0	14	ID
	)	17	Ope
	{	10	Edge
	x	15	ID
	=	34	Ope
	x	15	ID
	;	12	Edge
	}	11	Edge
	else	6	Keyword
	{	10	Edge
	x	15	ID
	=	34	Ope
	x	15	ID
	;	12	Edge
	}	11	Edge
	write	7	Keyword
	(	16	Ope
	x	15	ID
	)	17	Ope
	;	12	Edge
	}	11	Edge
