	main	5	Keyword
	(	16	Ope
	)	17	Ope
	{	10	Edge
	int	0	Keyword
	x	15	ID
	;	12	Edge
	int	0	Keyword
	sum	15	ID
	=	34	Ope
	0	14	ID
	;	12	Edge
	for	9	Keyword
	(	16	Ope
	x	15	ID
	=	34	Ope
	1	14	ID
	;	12	Edge
	x	15	ID
	<=	27	Ope
	10	14	ID
	;	12	Edge
	x	15	ID
	=	34	Ope
	x	15	ID
	+	24	Ope
	1	14	ID
	)	17	Ope
	{	10	Edge
	sum	15	ID
	=	34	Ope
	sum	15	ID
	+	24	Ope
	x	15	ID
	;	12	Edge
	}	11	Edge
	write	7	Keyword
	(	16	Ope
	x	15	ID
	)	17	Ope
	;	12	Edge
	write	7	Keyword
	(	16	Ope
	sum	15	ID
	)	17	Ope
	;	12	Edge
	}	11	Edge
