	main	5	Keyword
	(	16	Ope
	)	17	Ope
	{	10	Edge
	int	0	Keyword
	x	15	ID
	=	34	Ope
	-	25	Ope
	10	14	ID
	;	12	Edge
	int	0	Keyword
	y	15	ID
	=	34	Ope
	abs	15	ID
	(	16	Ope
	x	15	ID
	)	17	Ope
	;	12	Edge
	write	7	Keyword
	(	16	Ope
	y	15	ID
	)	17	Ope
	;	12	Edge
	}	11	Edge
	int	0	Keyword
	abs	15	ID
	(	16	Ope
	int	0	Keyword
	x	15	ID
	)	17	Ope
	{	10	Edge
	if	4	Keyword
	(	16	Ope
	x	15	ID
	<=	27	Ope
	0	14	ID
	)	17	Ope
	return	1	Keyword
	-	25	Ope
	x	15	ID
	;	12	Edge
	return	1	Keyword
	x	15	ID
	;	12	Edge
	}	11	Edge
