	main	5	Keyword
	(	16	Ope
	)	17	Ope
	{	10	Edge
	fib	15	ID
	(	16	Ope
	5	14	ID
	)	17	Ope
	;	12	Edge
	}	11	Edge
	void	2	Keyword
	fib	15	ID
	(	16	Ope
	int	0	Keyword
	x	15	ID
	)	17	Ope
	{	10	Edge
	if	4	Keyword
	(	16	Ope
	x	15	ID
	<=	27	Ope
	0	14	ID
	)	17	Ope
	{	10	Edge
	write	7	Keyword
	(	16	Ope
	0	14	ID
	)	17	Ope
	;	12	Edge
	}	11	Edge
	else	6	Keyword
	{	10	Edge
	fib	15	ID
	(	16	Ope
	x	15	ID
	-	25	Ope
	1	14	ID
	)	17	Ope
	;	12	Edge
	write	7	Keyword
	(	16	Ope
	x	15	ID
	)	17	Ope
	;	12	Edge
	}	11	Edge
	}	11	Edge
